$GPGGA,135847.000,4822.4728,N,00427.3128,W,1,00,,0052.7,M,0.0,M,,0000*60
$GPRMC,135847.000,A,4822.4728,N,00427.3128,W,005.06,15.15,151108,,,E*47
$GPGGA,135848.000,4822.4734,N,00427.3112,W,1,00,,0052.7,M,0.0,M,,0000*6B
$GPRMC,135848.000,A,4822.4734,N,00427.3112,W,005.06,15.15,151108,,,E*4C
$GPGGA,135849.000,4822.4746,N,00427.3097,W,1,00,,0052.7,M,0.0,M,,0000*63
$GPRMC,135849.000,A,4822.4746,N,00427.3097,W,005.09,15.15,151108,,,E*4B
$GPGGA,135850.000,4822.4755,N,00427.3081,W,1,00,,0052.7,M,0.0,M,,0000*6E
$GPRMC,135850.000,A,4822.4755,N,00427.3081,W,005.10,15.15,151108,,,E*4E
$GPGGA,135851.000,4822.4764,N,00427.3066,W,1,00,,0052.7,M,0.0,M,,0000*64
$GPRMC,135851.000,A,4822.4764,N,00427.3066,W,005.06,15.15,151108,,,E*43
$PGRMM,WGS 84*06
$GPBOD,000.6,T,000.0,M,CB,AC*42
$GPWPL,4806.712,N,01138.293,E,BB*46
$GPRMC,133716,A,3412.717,N,01138.282,E,000.0,185.1,140900,000.6,E*7B
$GPRMB,A,0.00,R,AC,CB,3412.999,N,01138.290,E,000.3,001.1,,V*06
$GPGGA,133717,3412.717,N,01138.282,E,1,05,3.9,553.0,M,46.8,M,,*4F
$GPGSA,A,3,05,,18,21,25,,29,,,,,,5.6,3.9,4.0*3C
$GPGSV,2,1,08,05,18,052,48,16,22,303,00,18,63,159,44,21,62,175,49*7A
$GPGSV,2,2,08,25,25,127,40,26,53,299,00,29,54,061,51,31,43,231,00*7D
$PGRME,38.9,M,40.2,M,55.9,M*13
$GPGLL,3412.717,N,01138.281,E,133717,A*22
$PGRMZ,1815,f,3*26
$PGRMM,WGS 84*06
$GPBOD,000.6,T,000.0,M,CB,AC*42 
$GPRTE,1,1,c,0,AC,CB,BB*28
$GPWPL,4804.712,N,01138.270,E,AC*4B
$GPRMC,133718,A,3412.717,N,01138.281,E,000.0,185.1,140900,000.6,E*76
$GPRMB,A,0.00,R,AC,CB,3412.999,N,01138.290,E,000.3,001.3,,V*04
$GPGGA,133719,3412.717,N,01138.281,E,1,05,3.9,552.5,M,46.8,M,,*46
$GPGSA,A,3,05,,18,21,25,,29,,,,,,5.6,3.9,4.0*3C
$GPGSV,2,1,08,05,18,052,48,16,22,303,00,18,63,159,44,21,62,175,49*7A
$GPGSV,2,2,08,25,24,128,40,26,53,299,00,29,54,061,51,31,43,231,00*73
$PGRME,38.9,M,40.2,M,55.9,M*13
$GPGLL,3412.717,N,01138.281,E,133719,A*2C
$PGRMZ,1813,f,3*20
$PGRMM,WGS 84*06
$GPBOD,000.6,T,000.0,M,CB,AC*42
$GPWPL,3412.999,N,01138.290,E,CB*4A
$GPRMC,133720,A,3412.718,N,01138.279,E,000.0,185.1,140900,000.6,E*75
$GPRMB,A,0.00,R,AC,CB,3412.999,N,01138.290,E,000.3,001.5,,V*02
$GPGGA,133721,3412.718,N,01138.279,E,1,05,3.9,552.5,M,46.8,M,,*45
$GPGSA,A,3,05,,18,21,25,,29,,,,,,5.6,3.9,4.0*3C
$GPGSV,2,1,08,05,18,052,48,16,22,303,00,18,63,159,44,21,62,175,49*7A
